<?xml version="1.0" encoding="UTF-8"?>
<testng-results ignored="0" total="1" passed="1" failed="0" skipped="0">
  <reporter-output>
  </reporter-output>
  <suite started-at="2023-12-18T18:29:26 EET" name="Default suite" finished-at="2023-12-18T18:30:00 EET" duration-ms="34270">
    <groups>
    </groups>
    <test started-at="2023-12-18T18:29:26 EET" name="Default test" finished-at="2023-12-18T18:30:00 EET" duration-ms="34270">
      <class name="luma.lumaTestCases">
        <test-method is-config="true" signature="setUp()[pri:0, instance:luma.lumaTestCases@5357c287]" started-at="2023-12-18T18:29:26 EET" name="setUp" finished-at="2023-12-18T18:29:30 EET" duration-ms="4198" status="PASS">
          <reporter-output>
          </reporter-output>
        </test-method> <!-- setUp -->
        <test-method signature="addingTheFirstItem()[pri:0, instance:luma.lumaTestCases@5357c287]" started-at="2023-12-18T18:29:30 EET" name="addingTheFirstItem" finished-at="2023-12-18T18:30:00 EET" duration-ms="30052" status="PASS">
          <reporter-output>
          </reporter-output>
        </test-method> <!-- addingTheFirstItem -->
        <test-method is-config="true" signature="after()[pri:0, instance:luma.lumaTestCases@5357c287]" started-at="2023-12-18T18:30:00 EET" name="after" finished-at="2023-12-18T18:30:00 EET" duration-ms="0" status="PASS">
          <reporter-output>
          </reporter-output>
        </test-method> <!-- after -->
      </class> <!-- luma.lumaTestCases -->
    </test> <!-- Default test -->
  </suite> <!-- Default suite -->
</testng-results>
